<?xml version="1.0" encoding="UTF-8"?>
<testng-results skipped="0" failed="0" total="1" passed="1">
  <reporter-output>
  </reporter-output>
  <suite name="Default suite" duration-ms="17221" started-at="2019-10-27T13:42:16Z" finished-at="2019-10-27T13:42:33Z">
    <groups>
    </groups>
    <test name="Default test" duration-ms="17221" started-at="2019-10-27T13:42:16Z" finished-at="2019-10-27T13:42:33Z">
      <class name="com.training.sanity.tests.AddProductUFM_008">
        <test-method status="PASS" signature="setUpBeforeClass()[pri:0, instance:com.training.sanity.tests.AddProductUFM_008@523884b2]" name="setUpBeforeClass" is-config="true" duration-ms="15" started-at="2019-10-27T19:12:16Z" finished-at="2019-10-27T19:12:16Z">
          <reporter-output>
          </reporter-output>
        </test-method> <!-- setUpBeforeClass -->
        <test-method status="PASS" signature="setUp()[pri:0, instance:com.training.sanity.tests.AddProductUFM_008@523884b2]" name="setUp" is-config="true" duration-ms="8740" started-at="2019-10-27T19:12:16Z" finished-at="2019-10-27T19:12:25Z">
          <reporter-output>
          </reporter-output>
        </test-method> <!-- setUp -->
        <test-method status="PASS" signature="validLoginTest()[pri:0, instance:com.training.sanity.tests.AddProductUFM_008@523884b2]" name="validLoginTest" duration-ms="6000" started-at="2019-10-27T19:12:25Z" finished-at="2019-10-27T19:12:31Z">
          <reporter-output>
          </reporter-output>
        </test-method> <!-- validLoginTest -->
        <test-method status="PASS" signature="tearDown()[pri:0, instance:com.training.sanity.tests.AddProductUFM_008@523884b2]" name="tearDown" is-config="true" duration-ms="2447" started-at="2019-10-27T19:12:31Z" finished-at="2019-10-27T19:12:33Z">
          <reporter-output>
          </reporter-output>
        </test-method> <!-- tearDown -->
      </class> <!-- com.training.sanity.tests.AddProductUFM_008 -->
    </test> <!-- Default test -->
  </suite> <!-- Default suite -->
</testng-results>
