<?xml version="1.0" encoding="UTF-8"?>
<testng-results skipped="0" failed="0" total="1" passed="1">
  <reporter-output>
  </reporter-output>
  <suite name="Default suite" duration-ms="26440" started-at="2019-11-04T08:15:28Z" finished-at="2019-11-04T08:15:55Z">
    <groups>
    </groups>
    <test name="Default test" duration-ms="26440" started-at="2019-11-04T08:15:28Z" finished-at="2019-11-04T08:15:55Z">
      <class name="com.training.sanity.tests.PasswordMismatchUFM_007">
        <test-method status="PASS" signature="setUpBeforeClass()[pri:0, instance:com.training.sanity.tests.PasswordMismatchUFM_007@523884b2]" name="setUpBeforeClass" is-config="true" duration-ms="20" started-at="2019-11-04T13:45:28Z" finished-at="2019-11-04T13:45:28Z">
          <reporter-output>
          </reporter-output>
        </test-method> <!-- setUpBeforeClass -->
        <test-method status="PASS" signature="setUp()[pri:0, instance:com.training.sanity.tests.PasswordMismatchUFM_007@523884b2]" name="setUp" is-config="true" duration-ms="10805" started-at="2019-11-04T13:45:28Z" finished-at="2019-11-04T13:45:39Z">
          <reporter-output>
          </reporter-output>
        </test-method> <!-- setUp -->
        <test-method status="PASS" signature="validLoginTest()[pri:0, instance:com.training.sanity.tests.PasswordMismatchUFM_007@523884b2]" name="validLoginTest" duration-ms="13163" started-at="2019-11-04T13:45:39Z" finished-at="2019-11-04T13:45:52Z">
          <reporter-output>
          </reporter-output>
        </test-method> <!-- validLoginTest -->
        <test-method status="PASS" signature="tearDown()[pri:0, instance:com.training.sanity.tests.PasswordMismatchUFM_007@523884b2]" name="tearDown" is-config="true" duration-ms="2429" started-at="2019-11-04T13:45:52Z" finished-at="2019-11-04T13:45:55Z">
          <reporter-output>
          </reporter-output>
        </test-method> <!-- tearDown -->
      </class> <!-- com.training.sanity.tests.PasswordMismatchUFM_007 -->
    </test> <!-- Default test -->
  </suite> <!-- Default suite -->
</testng-results>
